2017-11-18 12:51:07 INFO  [337241] TreeFrog Framework version 1.19.0
2017-11-18 12:51:07 INFO  [337241] Qt 5.9.2 / Mac OS X
2017-11-18 12:51:07 INFO  [337241] TreeFrog application servers started up.
2017-11-18 12:51:31 INFO  [337241] TreeFrog application servers shutting down
2017-11-18 12:51:31 INFO  [337241] TreeFrog application servers shutdown completed
2017-11-18 12:51:41 INFO  [339852] TreeFrog Framework version 1.19.0
2017-11-18 12:51:41 INFO  [339852] Qt 5.9.2 / Mac OS X
2017-11-18 12:51:41 INFO  [339852] TreeFrog application servers started up.
2017-11-18 12:53:03 WARN  [342483] Reading a socket timed out after 10 seconds. Descriptor:17
2017-11-18 12:53:03 WARN  [342482] Reading a socket timed out after 10 seconds. Descriptor:14
2017-11-18 12:53:03 WARN  [342512] Reading a socket timed out after 10 seconds. Descriptor:22
2017-11-18 14:42:16 INFO  [339852] TreeFrog application servers shutting down
2017-11-18 14:42:16 INFO  [339852] TreeFrog application servers shutdown completed
2017-11-18 15:05:03 INFO  [580179] TreeFrog Framework version 1.19.0
2017-11-18 15:05:03 INFO  [580179] Qt 5.9.2 / Mac OS X
2017-11-18 15:05:03 INFO  [580179] TreeFrog application servers started up.
2017-11-18 15:05:21 WARN  [580559] Reading a socket timed out after 10 seconds. Descriptor:14
2017-11-18 15:05:21 WARN  [580570] Reading a socket timed out after 10 seconds. Descriptor:20
2017-11-18 15:05:43 INFO  [580179] TreeFrog application servers shutting down
2017-11-18 15:05:44 INFO  [580179] TreeFrog application servers shutdown completed
2017-11-18 15:06:35 INFO  [584238] TreeFrog Framework version 1.19.0
2017-11-18 15:06:35 INFO  [584238] Qt 5.9.2 / Mac OS X
2017-11-18 15:06:35 INFO  [584238] TreeFrog application servers started up.
2017-11-18 15:06:48 WARN  [584407] Reading a socket timed out after 10 seconds. Descriptor:14
2017-11-18 15:06:48 WARN  [584435] Reading a socket timed out after 10 seconds. Descriptor:20
2017-11-19 15:54:49 ERROR [584238] tfserver error detected(1). [/usr/local/Cellar/treefrog/1.19.0/bin/tadpole]
2017-11-19 15:54:49 ERROR [584238] Detected a server crashed. exitCode:1  exitStatus:1
2017-11-19 15:54:50 INFO  [584238] TreeFrog application servers shutting down
2017-11-19 15:54:50 INFO  [584238] TreeFrog application servers shutdown completed
2017-11-19 15:54:50 INFO  [584238] Restarts TreeFrog application servers
2017-11-19 15:54:50 INFO  [584238] TreeFrog Framework version 1.19.0
2017-11-19 15:54:50 INFO  [584238] Qt 5.9.2 / Mac OS X
2017-11-19 15:54:50 INFO  [584238] TreeFrog application servers started up.
2017-11-19 17:49:04 INFO  [584238] TreeFrog application servers shutting down
2017-11-19 17:49:04 INFO  [584238] TreeFrog application servers shutdown completed
2017-11-21 19:21:44 INFO  [26461] TreeFrog Framework version 1.19.0
2017-11-21 19:21:44 INFO  [26461] Qt 5.9.2 / Mac OS X
2017-11-21 19:21:44 INFO  [26461] TreeFrog application servers started up.
2017-11-21 19:22:03 WARN  [26909] Reading a socket timed out after 10 seconds. Descriptor:14
2017-11-21 19:22:03 WARN  [26931] Reading a socket timed out after 10 seconds. Descriptor:20
2017-11-21 19:22:07 WARN  [26953] Reading a socket timed out after 10 seconds. Descriptor:23
2017-11-21 19:22:15 WARN  [27018] Reading a socket timed out after 10 seconds. Descriptor:14
2017-11-22 07:58:06 ERROR [26461] tfserver error detected(1). [/usr/local/Cellar/treefrog/1.19.0/bin/tadpole]
2017-11-22 07:58:06 ERROR [26461] Detected a server crashed. exitCode:1  exitStatus:1
2017-11-22 07:58:06 INFO  [26461] TreeFrog application servers shutting down
2017-11-22 07:58:07 INFO  [26461] TreeFrog application servers shutdown completed
2017-11-22 07:58:07 INFO  [26461] Restarts TreeFrog application servers
2017-11-22 07:58:07 INFO  [26461] TreeFrog Framework version 1.19.0
2017-11-22 07:58:07 INFO  [26461] Qt 5.9.2 / Mac OS X
2017-11-22 07:58:07 INFO  [26461] TreeFrog application servers started up.
2017-11-26 20:16:23 INFO  [26461] TreeFrog application servers shutting down
2017-11-26 20:16:23 INFO  [26461] TreeFrog application servers shutdown completed
2017-11-29 15:48:33 INFO  [390735] TreeFrog Framework version 1.19.0
2017-11-29 15:48:33 INFO  [390735] Qt 5.9.2 / Mac OS X
2017-11-29 15:48:33 INFO  [390735] TreeFrog application servers started up.
2017-11-29 15:48:55 WARN  [391261] Reading a socket timed out after 10 seconds. Descriptor:14
2017-11-29 15:49:07 WARN  [391487] Reading a socket timed out after 10 seconds. Descriptor:17
2017-11-29 15:49:07 WARN  [391488] Reading a socket timed out after 10 seconds. Descriptor:21
2017-11-29 15:49:07 WARN  [391486] Reading a socket timed out after 10 seconds. Descriptor:14
2017-11-29 15:50:43 WARN  [395367] Reading a socket timed out after 10 seconds. Descriptor:14
2017-11-29 15:50:43 WARN  [395368] Reading a socket timed out after 10 seconds. Descriptor:15
2017-11-29 15:51:10 WARN  [396031] Reading a socket timed out after 10 seconds. Descriptor:14
2017-11-29 15:51:10 WARN  [396032] Reading a socket timed out after 10 seconds. Descriptor:15
2017-11-29 15:51:33 INFO  [390735] TreeFrog application servers shutting down
2017-11-29 15:51:40 INFO  [390735] TreeFrog application servers shutdown completed
2017-11-29 15:51:42 INFO  [397045] TreeFrog Framework version 1.19.0
2017-11-29 15:51:42 INFO  [397045] Qt 5.9.2 / Mac OS X
2017-11-29 15:51:42 INFO  [397045] TreeFrog application servers started up.
2017-11-29 15:54:20 INFO  [397045] TreeFrog application servers shutting down
2017-11-29 15:54:27 INFO  [397045] TreeFrog application servers shutdown completed
2017-11-29 15:54:28 INFO  [401448] TreeFrog Framework version 1.19.0
2017-11-29 15:54:28 INFO  [401448] Qt 5.9.2 / Mac OS X
2017-11-29 15:54:28 INFO  [401448] TreeFrog application servers started up.
2017-11-29 15:54:41 WARN  [401648] Reading a socket timed out after 10 seconds. Descriptor:14
2017-11-29 15:54:55 WARN  [401836] Reading a socket timed out after 10 seconds. Descriptor:14
2017-11-29 15:55:25 INFO  [401448] TreeFrog application servers shutting down
2017-11-29 15:55:30 WARN  [403344] Reading a socket timed out after 10 seconds. Descriptor:14
2017-11-29 15:55:32 INFO  [401448] TreeFrog application servers shutdown completed
2017-11-29 15:55:36 INFO  [403599] TreeFrog Framework version 1.19.0
2017-11-29 15:55:36 INFO  [403599] Qt 5.9.2 / Mac OS X
2017-11-29 15:55:36 INFO  [403599] TreeFrog application servers started up.
2017-11-29 15:55:48 WARN  [403803] Reading a socket timed out after 10 seconds. Descriptor:16
2017-11-29 15:57:01 INFO  [403599] TreeFrog application servers shutting down
2017-11-29 15:57:07 WARN  [405570] Reading a socket timed out after 10 seconds. Descriptor:14
2017-11-29 15:57:07 INFO  [403599] TreeFrog application servers shutdown completed
2017-11-29 15:57:10 INFO  [405744] TreeFrog Framework version 1.19.0
2017-11-29 15:57:10 INFO  [405744] Qt 5.9.2 / Mac OS X
2017-11-29 15:57:10 INFO  [405744] TreeFrog application servers started up.
2017-11-29 15:57:24 WARN  [405961] Reading a socket timed out after 10 seconds. Descriptor:14
2017-11-29 15:57:36 WARN  [406215] Reading a socket timed out after 10 seconds. Descriptor:14
2017-11-29 15:58:26 INFO  [405744] TreeFrog application servers shutting down
2017-11-29 15:58:33 WARN  [407414] Reading a socket timed out after 10 seconds. Descriptor:14
2017-11-29 15:58:33 INFO  [405744] TreeFrog application servers shutdown completed
2017-11-29 15:58:35 INFO  [407606] TreeFrog Framework version 1.19.0
2017-11-29 15:58:35 INFO  [407606] Qt 5.9.2 / Mac OS X
2017-11-29 15:58:35 INFO  [407606] TreeFrog application servers started up.
2017-11-29 15:58:48 WARN  [407812] Reading a socket timed out after 10 seconds. Descriptor:14
2017-11-29 15:58:53 INFO  [407606] TreeFrog application servers shutting down
2017-11-29 15:58:56 ERROR [407606] tfserver error detected(1). [/usr/local/Cellar/treefrog/1.19.0/bin/tadpole]
2017-11-29 15:58:56 INFO  [407606] TreeFrog application servers shutdown completed
2017-11-29 15:59:08 INFO  [408917] TreeFrog Framework version 1.19.0
2017-11-29 15:59:08 INFO  [408917] Qt 5.9.2 / Mac OS X
2017-11-29 15:59:08 INFO  [408917] TreeFrog application servers started up.
2017-11-29 15:59:22 WARN  [409153] Reading a socket timed out after 10 seconds. Descriptor:14
2017-11-29 15:59:33 WARN  [409435] Reading a socket timed out after 10 seconds. Descriptor:17
2017-11-29 16:00:32 INFO  [408917] TreeFrog application servers shutting down
2017-11-29 16:00:39 WARN  [411295] Reading a socket timed out after 10 seconds. Descriptor:14
2017-11-29 16:00:39 INFO  [408917] TreeFrog application servers shutdown completed
2017-11-29 16:00:40 INFO  [411495] TreeFrog Framework version 1.19.0
2017-11-29 16:00:40 INFO  [411495] Qt 5.9.2 / Mac OS X
2017-11-29 16:00:40 INFO  [411495] TreeFrog application servers started up.
2017-11-29 16:01:05 WARN  [411881] Reading a socket timed out after 10 seconds. Descriptor:14
2017-11-29 16:04:00 WARN  [414864] Reading a socket timed out after 10 seconds. Descriptor:16
2017-11-29 16:04:12 INFO  [411495] TreeFrog application servers shutting down
2017-11-29 16:04:17 WARN  [415373] Reading a socket timed out after 10 seconds. Descriptor:14
2017-11-29 16:04:17 INFO  [411495] TreeFrog application servers shutdown completed
2017-11-29 16:04:33 INFO  [416105] TreeFrog Framework version 1.19.0
2017-11-29 16:04:33 INFO  [416105] Qt 5.9.2 / Mac OS X
2017-11-29 16:04:33 INFO  [416105] TreeFrog application servers started up.
2017-11-29 16:04:45 WARN  [416259] Reading a socket timed out after 10 seconds. Descriptor:14
2017-11-29 16:04:59 INFO  [416105] TreeFrog application servers shutting down
2017-11-29 16:05:07 WARN  [416702] Reading a socket timed out after 10 seconds. Descriptor:14
2017-11-29 16:05:07 INFO  [416105] TreeFrog application servers shutdown completed
2017-11-29 16:05:08 INFO  [416881] TreeFrog Framework version 1.19.0
2017-11-29 16:05:08 INFO  [416881] Qt 5.9.2 / Mac OS X
2017-11-29 16:05:08 INFO  [416881] TreeFrog application servers started up.
2017-11-29 16:05:21 WARN  [417092] Reading a socket timed out after 10 seconds. Descriptor:14
2017-11-29 16:05:33 WARN  [417288] Reading a socket timed out after 10 seconds. Descriptor:14
2017-11-29 16:06:17 INFO  [416881] TreeFrog application servers shutting down
2017-11-29 16:06:24 WARN  [418151] Reading a socket timed out after 10 seconds. Descriptor:14
2017-11-29 16:06:24 INFO  [416881] TreeFrog application servers shutdown completed
2017-11-29 16:06:26 INFO  [418379] TreeFrog Framework version 1.19.0
2017-11-29 16:06:26 INFO  [418379] Qt 5.9.2 / Mac OS X
2017-11-29 16:06:26 INFO  [418379] TreeFrog application servers started up.
2017-11-29 16:06:43 WARN  [418618] Reading a socket timed out after 10 seconds. Descriptor:14
2017-11-29 16:06:56 INFO  [418379] TreeFrog application servers shutting down
2017-11-29 16:06:57 INFO  [418379] TreeFrog application servers shutdown completed
2017-11-29 16:06:58 INFO  [419150] TreeFrog Framework version 1.19.0
2017-11-29 16:06:58 INFO  [419150] Qt 5.9.2 / Mac OS X
2017-11-29 16:06:58 INFO  [419150] TreeFrog application servers started up.
2017-11-29 16:08:24 WARN  [424341] Reading a socket timed out after 10 seconds. Descriptor:14
2017-11-29 16:10:12 WARN  [427049] Reading a socket timed out after 10 seconds. Descriptor:14
2017-11-29 17:38:01 WARN  [431245] Reading a socket timed out after 10 seconds. Descriptor:14
2017-11-29 17:38:52 INFO  [419150] TreeFrog application servers shutting down
2017-11-29 17:38:53 INFO  [419150] TreeFrog application servers shutdown completed
2017-11-29 17:40:42 INFO  [435508] TreeFrog Framework version 1.19.0
2017-11-29 17:40:42 INFO  [435508] Qt 5.9.2 / Mac OS X
2017-11-29 17:40:42 INFO  [435508] TreeFrog application servers started up.
2017-11-29 17:41:16 WARN  [436010] Reading a socket timed out after 10 seconds. Descriptor:14
2017-11-29 17:41:47 INFO  [435508] TreeFrog application servers shutting down
2017-11-29 17:41:48 INFO  [435508] TreeFrog application servers shutdown completed
2017-11-29 17:41:50 INFO  [436871] TreeFrog Framework version 1.19.0
2017-11-29 17:41:50 INFO  [436871] Qt 5.9.2 / Mac OS X
2017-11-29 17:41:50 INFO  [436871] TreeFrog application servers started up.
2017-11-29 17:42:02 WARN  [437013] Reading a socket timed out after 10 seconds. Descriptor:14
2017-11-29 17:42:42 INFO  [436871] TreeFrog application servers shutting down
2017-11-29 17:42:43 INFO  [436871] TreeFrog application servers shutdown completed
2017-11-29 17:42:48 INFO  [438125] TreeFrog Framework version 1.19.0
2017-11-29 17:42:48 INFO  [438125] Qt 5.9.2 / Mac OS X
2017-11-29 17:42:48 INFO  [438125] TreeFrog application servers started up.
2017-11-29 17:43:01 WARN  [438318] Reading a socket timed out after 10 seconds. Descriptor:14
2017-11-29 17:44:08 INFO  [438125] TreeFrog application servers shutting down
2017-11-29 17:44:09 INFO  [438125] TreeFrog application servers shutdown completed
2017-11-29 17:44:10 INFO  [439886] TreeFrog Framework version 1.19.0
2017-11-29 17:44:10 INFO  [439886] Qt 5.9.2 / Mac OS X
2017-11-29 17:44:10 INFO  [439886] TreeFrog application servers started up.
2017-11-29 17:44:29 WARN  [440158] Reading a socket timed out after 10 seconds. Descriptor:14
2017-11-29 17:44:29 INFO  [439886] TreeFrog application servers shutting down
2017-11-29 17:44:33 INFO  [439886] TreeFrog application servers shutdown completed
2017-11-29 17:45:47 INFO  [442024] TreeFrog Framework version 1.19.0
2017-11-29 17:45:47 INFO  [442024] Qt 5.9.2 / Mac OS X
2017-11-29 17:45:47 INFO  [442024] TreeFrog application servers started up.
2017-11-29 17:46:07 WARN  [442347] Reading a socket timed out after 10 seconds. Descriptor:14
2017-11-29 17:47:26 INFO  [442024] TreeFrog application servers shutting down
2017-11-29 17:47:27 INFO  [442024] TreeFrog application servers shutdown completed
2017-11-29 17:47:28 INFO  [444502] TreeFrog Framework version 1.19.0
2017-11-29 17:47:28 INFO  [444502] Qt 5.9.2 / Mac OS X
2017-11-29 17:47:28 INFO  [444502] TreeFrog application servers started up.
2017-11-29 17:47:42 WARN  [444692] Reading a socket timed out after 10 seconds. Descriptor:14
2017-11-29 17:47:45 INFO  [444502] TreeFrog application servers shutting down
2017-11-29 17:47:48 INFO  [444502] TreeFrog application servers shutdown completed
2017-11-29 17:48:46 INFO  [445981] TreeFrog Framework version 1.19.0
2017-11-29 17:48:46 INFO  [445981] Qt 5.9.2 / Mac OS X
2017-11-29 17:48:46 INFO  [445981] TreeFrog application servers started up.
2017-11-29 17:49:33 WARN  [446730] Reading a socket timed out after 10 seconds. Descriptor:14
2017-11-29 17:53:25 WARN  [451567] Reading a socket timed out after 10 seconds. Descriptor:14
2017-11-29 17:55:32 INFO  [445981] TreeFrog application servers shutting down
2017-11-29 17:55:33 INFO  [445981] TreeFrog application servers shutdown completed
2017-11-29 17:55:34 INFO  [454581] TreeFrog Framework version 1.19.0
2017-11-29 17:55:34 INFO  [454581] Qt 5.9.2 / Mac OS X
2017-11-29 17:55:34 INFO  [454581] TreeFrog application servers started up.
2017-11-29 17:55:47 INFO  [454581] TreeFrog application servers shutting down
2017-11-29 17:55:53 WARN  [454906] Reading a socket timed out after 10 seconds. Descriptor:14
2017-11-29 17:55:53 INFO  [454581] TreeFrog application servers shutdown completed
2017-11-29 17:56:26 INFO  [455997] TreeFrog Framework version 1.19.0
2017-11-29 17:56:26 INFO  [455997] Qt 5.9.2 / Mac OS X
2017-11-29 17:56:26 INFO  [455997] TreeFrog application servers started up.
2017-11-29 17:56:40 WARN  [456191] Reading a socket timed out after 10 seconds. Descriptor:14
2017-11-29 17:56:42 INFO  [455997] TreeFrog application servers shutting down
2017-11-29 17:56:46 INFO  [455997] TreeFrog application servers shutdown completed
2017-11-29 17:56:47 INFO  [456559] TreeFrog Framework version 1.19.0
2017-11-29 17:56:47 INFO  [456559] Qt 5.9.2 / Mac OS X
2017-11-29 17:56:47 INFO  [456559] TreeFrog application servers started up.
2017-11-29 17:57:02 WARN  [456782] Reading a socket timed out after 10 seconds. Descriptor:14
2017-11-29 17:59:22 INFO  [456559] TreeFrog application servers shutting down
2017-11-29 17:59:22 INFO  [456559] TreeFrog application servers shutdown completed
2017-11-29 17:59:38 INFO  [461183] TreeFrog Framework version 1.19.0
2017-11-29 17:59:38 INFO  [461183] Qt 5.9.2 / Mac OS X
2017-11-29 17:59:38 INFO  [461183] TreeFrog application servers started up.
2017-11-29 17:59:52 WARN  [461358] Reading a socket timed out after 10 seconds. Descriptor:14
2017-11-29 18:11:20 WARN  [477365] Reading a socket timed out after 10 seconds. Descriptor:25
2017-11-29 18:11:20 WARN  [477364] Reading a socket timed out after 10 seconds. Descriptor:22
2017-11-29 18:11:20 WARN  [477363] Reading a socket timed out after 10 seconds. Descriptor:19
2017-11-29 18:11:20 WARN  [477362] Reading a socket timed out after 10 seconds. Descriptor:16
2017-11-29 18:16:49 WARN  [487594] Reading a socket timed out after 10 seconds. Descriptor:17
2017-11-29 18:16:49 WARN  [487593] Reading a socket timed out after 10 seconds. Descriptor:16
2017-11-29 18:16:49 WARN  [487596] Reading a socket timed out after 10 seconds. Descriptor:23
2017-11-29 18:16:49 WARN  [487595] Reading a socket timed out after 10 seconds. Descriptor:20
2017-11-29 18:17:02 WARN  [487915] Reading a socket timed out after 10 seconds. Descriptor:17
2017-11-29 18:17:02 WARN  [487914] Reading a socket timed out after 10 seconds. Descriptor:14
2017-11-29 18:17:02 WARN  [487916] Reading a socket timed out after 10 seconds. Descriptor:19
2017-11-29 18:17:02 WARN  [487918] Reading a socket timed out after 10 seconds. Descriptor:25
2017-11-29 18:17:23 WARN  [488813] Reading a socket timed out after 10 seconds. Descriptor:16
2017-11-29 18:17:23 WARN  [488814] Reading a socket timed out after 10 seconds. Descriptor:17
2017-11-29 18:36:00 INFO  [461183] TreeFrog application servers shutting down
2017-11-29 18:36:01 INFO  [461183] TreeFrog application servers shutdown completed
2017-11-29 18:36:23 INFO  [650933] TreeFrog Framework version 1.19.0
2017-11-29 18:36:23 INFO  [650933] Qt 5.9.2 / Mac OS X
2017-11-29 18:36:23 INFO  [650933] TreeFrog application servers started up.
2017-11-29 18:36:42 WARN  [651347] Reading a socket timed out after 10 seconds. Descriptor:20
2017-11-29 18:36:42 WARN  [651346] Reading a socket timed out after 10 seconds. Descriptor:17
2017-11-29 18:38:56 INFO  [650933] TreeFrog application servers shutting down
2017-11-29 18:38:56 INFO  [650933] TreeFrog application servers shutdown completed
2017-11-29 18:46:03 INFO  [692702] TreeFrog Framework version 1.19.0
2017-11-29 18:46:03 INFO  [692702] Qt 5.9.2 / Mac OS X
2017-11-29 18:46:03 INFO  [692702] TreeFrog application servers started up.
2017-11-29 18:46:42 WARN  [693325] Reading a socket timed out after 10 seconds. Descriptor:15
2017-11-29 18:48:54 WARN  [701329] Reading a socket timed out after 10 seconds. Descriptor:17
2017-11-29 18:51:16 WARN  [707715] Reading a socket timed out after 10 seconds. Descriptor:17
2017-11-29 18:51:23 INFO  [692702] TreeFrog application servers shutting down
2017-11-29 18:51:23 INFO  [692702] TreeFrog application servers shutdown completed
2017-11-29 18:51:30 INFO  [710497] TreeFrog Framework version 1.19.0
2017-11-29 18:51:30 INFO  [710497] Qt 5.9.2 / Mac OS X
2017-11-29 18:51:30 INFO  [710497] TreeFrog application servers started up.
2017-11-29 18:51:48 WARN  [711041] Reading a socket timed out after 10 seconds. Descriptor:15
2017-11-29 18:56:04 INFO  [710497] TreeFrog application servers shutting down
2017-11-29 18:56:04 INFO  [710497] TreeFrog application servers shutdown completed
2017-11-29 18:56:15 INFO  [737242] TreeFrog Framework version 1.19.0
2017-11-29 18:56:15 INFO  [737242] Qt 5.9.2 / Mac OS X
2017-11-29 18:56:15 INFO  [737242] TreeFrog application servers started up.
2017-11-29 18:56:39 WARN  [738245] Reading a socket timed out after 10 seconds. Descriptor:15
2017-11-29 18:57:45 INFO  [737242] TreeFrog application servers shutting down
2017-11-29 18:57:45 INFO  [737242] TreeFrog application servers shutdown completed
2017-11-29 18:57:50 INFO  [743474] TreeFrog Framework version 1.19.0
2017-11-29 18:57:50 INFO  [743474] Qt 5.9.2 / Mac OS X
2017-11-29 18:57:50 INFO  [743474] TreeFrog application servers started up.
2017-11-29 18:58:13 WARN  [744736] Reading a socket timed out after 10 seconds. Descriptor:15
2017-11-29 18:59:13 WARN  [747350] Reading a socket timed out after 10 seconds. Descriptor:17
2017-11-29 19:00:39 INFO  [743474] TreeFrog application servers shutting down
2017-11-29 19:00:40 INFO  [743474] TreeFrog application servers shutdown completed
2017-11-29 19:00:48 INFO  [754492] TreeFrog Framework version 1.19.0
2017-11-29 19:00:48 INFO  [754492] Qt 5.9.2 / Mac OS X
2017-11-29 19:00:48 INFO  [754492] TreeFrog application servers started up.
2017-11-29 19:01:08 WARN  [755061] Reading a socket timed out after 10 seconds. Descriptor:15
2017-11-29 19:01:52 INFO  [754492] TreeFrog application servers shutting down
2017-11-29 19:01:52 INFO  [754492] TreeFrog application servers shutdown completed
2017-11-29 19:01:57 INFO  [757440] TreeFrog Framework version 1.19.0
2017-11-29 19:01:57 INFO  [757440] Qt 5.9.2 / Mac OS X
2017-11-29 19:01:57 INFO  [757440] TreeFrog application servers started up.
2017-11-29 19:02:11 WARN  [757649] Reading a socket timed out after 10 seconds. Descriptor:17
2017-11-29 19:02:11 WARN  [757648] Reading a socket timed out after 10 seconds. Descriptor:14
2017-11-29 19:02:27 WARN  [760789] Reading a socket timed out after 10 seconds. Descriptor:17
2017-11-29 19:03:27 INFO  [757440] TreeFrog application servers shutting down
2017-11-29 19:03:27 INFO  [757440] TreeFrog application servers shutdown completed
2017-11-29 19:03:34 INFO  [764288] TreeFrog Framework version 1.19.0
2017-11-29 19:03:34 INFO  [764288] Qt 5.9.2 / Mac OS X
2017-11-29 19:03:34 INFO  [764288] TreeFrog application servers started up.
2017-11-29 19:04:06 WARN  [765214] Reading a socket timed out after 10 seconds. Descriptor:17
2017-11-29 19:04:22 INFO  [764288] TreeFrog application servers shutting down
2017-11-29 19:04:23 INFO  [764288] TreeFrog application servers shutdown completed
2017-11-29 19:06:26 INFO  [772943] TreeFrog Framework version 1.19.0
2017-11-29 19:06:26 INFO  [772943] Qt 5.9.2 / Mac OS X
2017-11-29 19:06:26 INFO  [772943] TreeFrog application servers started up.
2017-11-29 19:06:28 INFO  [772943] TreeFrog application servers shutting down
2017-11-29 19:06:28 INFO  [772943] TreeFrog application servers shutdown completed
2017-11-29 19:06:36 INFO  [774096] TreeFrog Framework version 1.19.0
2017-11-29 19:06:36 INFO  [774096] Qt 5.9.2 / Mac OS X
2017-11-29 19:06:36 INFO  [774096] TreeFrog application servers started up.
2017-11-29 19:06:48 WARN  [774437] Reading a socket timed out after 10 seconds. Descriptor:17
2017-11-29 19:07:49 INFO  [774096] TreeFrog application servers shutting down
2017-11-29 19:07:50 INFO  [774096] TreeFrog application servers shutdown completed
2017-11-29 19:07:56 INFO  [779096] TreeFrog Framework version 1.19.0
2017-11-29 19:07:56 INFO  [779096] Qt 5.9.2 / Mac OS X
2017-11-29 19:07:56 INFO  [779096] TreeFrog application servers started up.
2017-11-29 19:08:10 WARN  [779655] Reading a socket timed out after 10 seconds. Descriptor:14
2017-11-29 19:08:10 WARN  [779656] Reading a socket timed out after 10 seconds. Descriptor:17
2017-11-29 19:09:33 INFO  [779096] TreeFrog application servers shutting down
2017-11-29 19:09:33 INFO  [779096] TreeFrog application servers shutdown completed
2017-11-29 19:09:38 INFO  [786332] TreeFrog Framework version 1.19.0
2017-11-29 19:09:38 INFO  [786332] Qt 5.9.2 / Mac OS X
2017-11-29 19:09:38 INFO  [786332] TreeFrog application servers started up.
2017-11-29 19:09:58 WARN  [786971] Reading a socket timed out after 10 seconds. Descriptor:17
2017-11-29 19:10:53 INFO  [786332] TreeFrog application servers shutting down
2017-11-29 19:10:53 INFO  [786332] TreeFrog application servers shutdown completed
2017-11-29 19:10:55 INFO  [789818] TreeFrog Framework version 1.19.0
2017-11-29 19:10:55 INFO  [789818] Qt 5.9.2 / Mac OS X
2017-11-29 19:10:55 INFO  [789818] TreeFrog application servers started up.
2017-11-29 19:10:57 INFO  [789818] TreeFrog application servers shutting down
2017-11-29 19:10:57 INFO  [789818] TreeFrog application servers shutdown completed
2017-11-29 19:11:06 INFO  [790378] TreeFrog Framework version 1.19.0
2017-11-29 19:11:06 INFO  [790378] Qt 5.9.2 / Mac OS X
2017-11-29 19:11:06 INFO  [790378] TreeFrog application servers started up.
2017-11-29 19:11:22 WARN  [790577] Reading a socket timed out after 10 seconds. Descriptor:14
2017-11-29 19:11:22 WARN  [790578] Reading a socket timed out after 10 seconds. Descriptor:15
2017-11-29 19:11:26 WARN  [790761] Reading a socket timed out after 10 seconds. Descriptor:22
2017-11-29 19:11:31 WARN  [790951] Reading a socket timed out after 10 seconds. Descriptor:25
2017-11-29 19:14:31 WARN  [795080] Reading a socket timed out after 10 seconds. Descriptor:20
2017-11-29 19:14:31 WARN  [795079] Reading a socket timed out after 10 seconds. Descriptor:17
2017-11-29 19:14:43 ERROR [790378] tfserver error detected(1). [/usr/local/Cellar/treefrog/1.19.0/bin/tadpole]
2017-11-29 19:14:43 ERROR [790378] Detected a server crashed. exitCode:1  exitStatus:1
2017-11-29 19:14:43 INFO  [790378] TreeFrog application servers shutting down
2017-11-29 19:14:43 INFO  [790378] TreeFrog application servers shutdown completed
2017-11-29 19:14:43 INFO  [790378] Restarts TreeFrog application servers
2017-11-29 19:14:43 INFO  [790378] TreeFrog Framework version 1.19.0
2017-11-29 19:14:43 INFO  [790378] Qt 5.9.2 / Mac OS X
2017-11-29 19:14:43 INFO  [790378] TreeFrog application servers started up.
2017-11-29 19:42:03 INFO  [790378] TreeFrog application servers shutting down
2017-11-29 19:42:03 INFO  [790378] TreeFrog application servers shutdown completed
2017-11-30 14:56:28 INFO  [170865] TreeFrog Framework version 1.19.0
2017-11-30 14:56:28 INFO  [170865] Qt 5.9.2 / Mac OS X
2017-11-30 14:56:28 INFO  [170865] TreeFrog application servers started up.
2017-11-30 14:56:47 WARN  [171327] Reading a socket timed out after 10 seconds. Descriptor:20
2017-11-30 14:56:47 WARN  [171326] Reading a socket timed out after 10 seconds. Descriptor:17
2017-11-30 14:56:47 WARN  [171328] Reading a socket timed out after 10 seconds. Descriptor:21
2017-11-30 14:57:47 WARN  [174545] Reading a socket timed out after 10 seconds. Descriptor:13
2017-11-30 14:57:47 WARN  [174546] Reading a socket timed out after 10 seconds. Descriptor:14
2017-11-30 14:57:47 WARN  [174548] Reading a socket timed out after 10 seconds. Descriptor:22
2017-11-30 14:57:47 WARN  [174549] Reading a socket timed out after 10 seconds. Descriptor:25
2017-11-30 14:57:47 WARN  [174547] Reading a socket timed out after 10 seconds. Descriptor:19
2017-11-30 23:22:05 ERROR [170865] tfserver error detected(1). [/usr/local/Cellar/treefrog/1.19.0/bin/tadpole]
2017-11-30 23:22:05 ERROR [170865] Detected a server crashed. exitCode:1  exitStatus:1
2017-11-30 23:22:05 INFO  [170865] TreeFrog application servers shutting down
2017-11-30 23:22:05 INFO  [170865] TreeFrog application servers shutdown completed
2017-11-30 23:22:05 INFO  [170865] Restarts TreeFrog application servers
2017-11-30 23:22:05 INFO  [170865] TreeFrog Framework version 1.19.0
2017-11-30 23:22:05 INFO  [170865] Qt 5.9.2 / Mac OS X
2017-11-30 23:22:05 INFO  [170865] TreeFrog application servers started up.
2017-11-30 23:22:12 INFO  [170865] TreeFrog application servers shutting down
2017-11-30 23:22:12 INFO  [170865] TreeFrog application servers shutdown completed
2017-12-01 10:14:12 INFO  [144652] TreeFrog Framework version 1.19.0
2017-12-01 10:14:12 INFO  [144652] Qt 5.9.2 / Mac OS X
2017-12-01 10:14:12 INFO  [144652] TreeFrog application servers started up.
2017-12-01 10:14:43 WARN  [146361] Reading a socket timed out after 10 seconds. Descriptor:18
2017-12-01 10:14:43 WARN  [146362] Reading a socket timed out after 10 seconds. Descriptor:21
2017-12-01 10:19:08 ERROR [144652] tfserver error detected(1). [/usr/local/Cellar/treefrog/1.19.0/bin/tadpole]
2017-12-01 10:19:08 ERROR [144652] Detected a server crashed. exitCode:1  exitStatus:1
2017-12-01 10:19:08 INFO  [144652] TreeFrog application servers shutting down
2017-12-01 10:19:08 INFO  [144652] TreeFrog application servers shutdown completed
2017-12-01 10:19:08 INFO  [144652] Restarts TreeFrog application servers
2017-12-01 10:19:08 INFO  [144652] TreeFrog Framework version 1.19.0
2017-12-01 10:19:08 INFO  [144652] Qt 5.9.2 / Mac OS X
2017-12-01 10:19:08 INFO  [144652] TreeFrog application servers started up.
2017-12-01 11:21:52 WARN  [196211] Reading a socket timed out after 10 seconds. Descriptor:20
2017-12-01 11:21:52 WARN  [196210] Reading a socket timed out after 10 seconds. Descriptor:17
2017-12-01 11:21:52 WARN  [196209] Reading a socket timed out after 10 seconds. Descriptor:16
2017-12-01 11:22:10 INFO  [144652] TreeFrog application servers shutting down
2017-12-01 11:22:10 INFO  [144652] TreeFrog application servers shutdown completed
2017-12-01 11:24:12 INFO  [7575] TreeFrog Framework version 1.19.0
2017-12-01 11:24:12 INFO  [7575] Qt 5.9.2 / Mac OS X
2017-12-01 11:24:12 INFO  [7575] TreeFrog application servers started up.
2017-12-01 11:24:30 WARN  [8221] Reading a socket timed out after 10 seconds. Descriptor:19
2017-12-01 11:24:30 WARN  [8220] Reading a socket timed out after 10 seconds. Descriptor:14
2017-12-01 11:24:30 WARN  [8222] Reading a socket timed out after 10 seconds. Descriptor:22
2017-12-01 11:24:30 WARN  [8255] Reading a socket timed out after 10 seconds. Descriptor:25
2017-12-01 11:24:42 WARN  [9151] Reading a socket timed out after 10 seconds. Descriptor:14
2017-12-01 11:24:42 WARN  [9152] Reading a socket timed out after 10 seconds. Descriptor:17
2017-12-01 11:24:42 WARN  [9153] Reading a socket timed out after 10 seconds. Descriptor:20
2017-12-01 11:24:42 WARN  [9154] Reading a socket timed out after 10 seconds. Descriptor:25
2017-12-01 11:24:53 WARN  [9813] Reading a socket timed out after 10 seconds. Descriptor:14
2017-12-01 11:24:53 WARN  [9814] Reading a socket timed out after 10 seconds. Descriptor:19
2017-12-01 11:24:53 WARN  [9815] Reading a socket timed out after 10 seconds. Descriptor:20
2017-12-01 11:24:53 WARN  [9816] Reading a socket timed out after 10 seconds. Descriptor:25
2017-12-01 11:27:43 WARN  [14549] Reading a socket timed out after 10 seconds. Descriptor:18
2017-12-01 11:27:43 WARN  [14548] Reading a socket timed out after 10 seconds. Descriptor:17
2017-12-01 11:27:43 WARN  [14550] Reading a socket timed out after 10 seconds. Descriptor:25
2017-12-01 11:27:43 WARN  [14547] Reading a socket timed out after 10 seconds. Descriptor:16
2017-12-01 11:27:44 WARN  [14564] Reading a socket timed out after 10 seconds. Descriptor:28
2017-12-01 11:27:53 WARN  [14980] Reading a socket timed out after 10 seconds. Descriptor:16
2017-12-01 11:27:53 WARN  [14982] Reading a socket timed out after 10 seconds. Descriptor:20
2017-12-01 11:27:53 WARN  [14981] Reading a socket timed out after 10 seconds. Descriptor:17
2017-12-01 11:41:29 INFO  [7575] TreeFrog application servers shutting down
2017-12-01 11:41:30 INFO  [7575] TreeFrog application servers shutdown completed
2017-12-01 11:42:12 INFO  [41133] TreeFrog Framework version 1.19.0
2017-12-01 11:42:12 INFO  [41133] Qt 5.9.2 / Mac OS X
2017-12-01 11:42:12 INFO  [41133] TreeFrog application servers started up.
2017-12-01 11:42:28 WARN  [41497] Reading a socket timed out after 10 seconds. Descriptor:19
2017-12-01 11:42:28 WARN  [41496] Reading a socket timed out after 10 seconds. Descriptor:16
2017-12-01 11:42:28 WARN  [41499] Reading a socket timed out after 10 seconds. Descriptor:25
2017-12-01 11:42:28 WARN  [41498] Reading a socket timed out after 10 seconds. Descriptor:22
2017-12-01 11:42:29 WARN  [41534] Reading a socket timed out after 10 seconds. Descriptor:28
2017-12-01 11:44:00 WARN  [44360] Reading a socket timed out after 10 seconds. Descriptor:22
2017-12-01 11:44:00 WARN  [44358] Reading a socket timed out after 10 seconds. Descriptor:14
2017-12-01 11:44:00 WARN  [44359] Reading a socket timed out after 10 seconds. Descriptor:15
2017-12-01 11:44:00 WARN  [44379] Reading a socket timed out after 10 seconds. Descriptor:25
2017-12-01 11:45:44 INFO  [41133] TreeFrog application servers shutting down
2017-12-01 11:45:44 INFO  [41133] TreeFrog application servers shutdown completed
2017-12-01 11:46:21 INFO  [51873] TreeFrog Framework version 1.19.0
2017-12-01 11:46:21 INFO  [51873] Qt 5.9.2 / Mac OS X
2017-12-01 11:46:21 INFO  [51873] TreeFrog application servers started up.
2017-12-01 11:47:06 WARN  [52424] Reading a socket timed out after 10 seconds. Descriptor:22
2017-12-01 11:47:06 WARN  [52390] Reading a socket timed out after 10 seconds. Descriptor:17
2017-12-01 11:47:06 WARN  [52389] Reading a socket timed out after 10 seconds. Descriptor:14
2017-12-01 11:48:05 INFO  [51873] TreeFrog application servers shutting down
2017-12-01 11:48:06 INFO  [51873] TreeFrog application servers shutdown completed
2017-12-01 11:49:00 INFO  [56298] TreeFrog Framework version 1.19.0
2017-12-01 11:49:00 INFO  [56298] Qt 5.9.2 / Mac OS X
2017-12-01 11:49:00 INFO  [56298] TreeFrog application servers started up.
2017-12-01 11:49:12 WARN  [56472] Reading a socket timed out after 10 seconds. Descriptor:16
2017-12-01 11:49:57 WARN  [58316] Reading a socket timed out after 10 seconds. Descriptor:20
2017-12-01 11:49:57 WARN  [58314] Reading a socket timed out after 10 seconds. Descriptor:16
2017-12-01 11:49:57 WARN  [58315] Reading a socket timed out after 10 seconds. Descriptor:19
2017-12-01 11:49:58 WARN  [58334] Reading a socket timed out after 10 seconds. Descriptor:25
2017-12-01 11:50:07 WARN  [58737] Reading a socket timed out after 10 seconds. Descriptor:16
2017-12-01 11:50:07 WARN  [58738] Reading a socket timed out after 10 seconds. Descriptor:17
2017-12-01 11:50:11 WARN  [58892] Reading a socket timed out after 10 seconds. Descriptor:22
2017-12-01 11:50:18 WARN  [59188] Reading a socket timed out after 10 seconds. Descriptor:17
2017-12-01 11:50:18 WARN  [59187] Reading a socket timed out after 10 seconds. Descriptor:16
2017-12-01 11:53:13 WARN  [63260] Reading a socket timed out after 10 seconds. Descriptor:25
2017-12-01 11:53:13 WARN  [63238] Reading a socket timed out after 10 seconds. Descriptor:14
2017-12-01 11:53:13 WARN  [63239] Reading a socket timed out after 10 seconds. Descriptor:15
2017-12-01 11:53:13 WARN  [63240] Reading a socket timed out after 10 seconds. Descriptor:22
2017-12-01 11:53:38 WARN  [65206] Reading a socket timed out after 10 seconds. Descriptor:17
2017-12-01 11:53:38 WARN  [65208] Reading a socket timed out after 10 seconds. Descriptor:25
2017-12-01 11:53:38 WARN  [65207] Reading a socket timed out after 10 seconds. Descriptor:22
2017-12-01 11:53:38 WARN  [65205] Reading a socket timed out after 10 seconds. Descriptor:16
2017-12-01 11:53:39 WARN  [65228] Reading a socket timed out after 10 seconds. Descriptor:28
2017-12-01 11:54:48 WARN  [71469] Reading a socket timed out after 10 seconds. Descriptor:16
2017-12-01 11:56:00 INFO  [56298] TreeFrog application servers shutting down
2017-12-01 11:56:00 INFO  [56298] TreeFrog application servers shutdown completed
2017-12-01 11:56:17 INFO  [75517] TreeFrog Framework version 1.19.0
2017-12-01 11:56:17 INFO  [75517] Qt 5.9.2 / Mac OS X
2017-12-01 11:56:17 INFO  [75517] TreeFrog application servers started up.
2017-12-01 11:56:32 WARN  [76075] Reading a socket timed out after 10 seconds. Descriptor:16
2017-12-01 11:58:32 INFO  [75517] TreeFrog application servers shutting down
2017-12-01 11:58:32 INFO  [75517] TreeFrog application servers shutdown completed
2017-12-01 11:59:00 INFO  [80436] TreeFrog Framework version 1.19.0
2017-12-01 11:59:00 INFO  [80436] Qt 5.9.2 / Mac OS X
2017-12-01 11:59:00 INFO  [80436] TreeFrog application servers started up.
2017-12-01 11:59:14 WARN  [80817] Reading a socket timed out after 10 seconds. Descriptor:16
2017-12-01 11:59:14 WARN  [80821] Reading a socket timed out after 10 seconds. Descriptor:28
2017-12-01 11:59:14 WARN  [80818] Reading a socket timed out after 10 seconds. Descriptor:19
2017-12-01 11:59:14 WARN  [80819] Reading a socket timed out after 10 seconds. Descriptor:22
2017-12-01 11:59:14 WARN  [80820] Reading a socket timed out after 10 seconds. Descriptor:25
2017-12-01 11:59:29 INFO  [80436] TreeFrog application servers shutting down
2017-12-01 11:59:29 INFO  [80436] TreeFrog application servers shutdown completed
2017-12-01 11:59:46 INFO  [82101] TreeFrog Framework version 1.19.0
2017-12-01 11:59:46 INFO  [82101] Qt 5.9.2 / Mac OS X
2017-12-01 11:59:46 INFO  [82101] TreeFrog application servers started up.
2017-12-01 12:00:00 WARN  [82240] Reading a socket timed out after 10 seconds. Descriptor:19
2017-12-01 12:00:00 WARN  [82238] Reading a socket timed out after 10 seconds. Descriptor:16
2017-12-01 12:00:00 WARN  [82239] Reading a socket timed out after 10 seconds. Descriptor:17
2017-12-01 12:00:00 WARN  [82249] Reading a socket timed out after 10 seconds. Descriptor:25
2017-12-01 12:02:14 INFO  [82101] TreeFrog application servers shutting down
2017-12-01 12:02:15 INFO  [82101] TreeFrog application servers shutdown completed
2017-12-01 12:02:37 INFO  [87569] TreeFrog Framework version 1.19.0
2017-12-01 12:02:37 INFO  [87569] Qt 5.9.2 / Mac OS X
2017-12-01 12:02:37 INFO  [87569] TreeFrog application servers started up.
2017-12-01 12:02:51 WARN  [88029] Reading a socket timed out after 10 seconds. Descriptor:19
2017-12-01 12:02:51 WARN  [88030] Reading a socket timed out after 10 seconds. Descriptor:20
2017-12-01 12:02:51 WARN  [88028] Reading a socket timed out after 10 seconds. Descriptor:16
2017-12-01 12:02:52 WARN  [88063] Reading a socket timed out after 10 seconds. Descriptor:25
2017-12-01 12:03:02 WARN  [88510] Reading a socket timed out after 10 seconds. Descriptor:18
2017-12-01 12:03:02 WARN  [88508] Reading a socket timed out after 10 seconds. Descriptor:16
2017-12-01 12:03:02 WARN  [88509] Reading a socket timed out after 10 seconds. Descriptor:17
2017-12-01 12:03:32 INFO  [87569] TreeFrog application servers shutting down
2017-12-01 12:03:33 INFO  [87569] TreeFrog application servers shutdown completed
2017-12-01 12:03:46 INFO  [90795] TreeFrog Framework version 1.19.0
2017-12-01 12:03:46 INFO  [90795] Qt 5.9.2 / Mac OS X
2017-12-01 12:03:46 INFO  [90795] TreeFrog application servers started up.
2017-12-01 12:04:01 WARN  [91004] Reading a socket timed out after 10 seconds. Descriptor:16
2017-12-01 12:05:43 ERROR [90795] tfserver error detected(1). [/usr/local/Cellar/treefrog/1.19.0/bin/tadpole]
2017-12-01 12:05:43 ERROR [90795] Detected a server crashed. exitCode:1  exitStatus:1
2017-12-01 12:05:43 INFO  [90795] TreeFrog application servers shutting down
2017-12-01 12:05:43 INFO  [90795] TreeFrog application servers shutdown completed
2017-12-01 12:05:43 INFO  [90795] Restarts TreeFrog application servers
2017-12-01 12:05:43 INFO  [90795] TreeFrog Framework version 1.19.0
2017-12-01 12:05:43 INFO  [90795] Qt 5.9.2 / Mac OS X
2017-12-01 12:05:43 INFO  [90795] TreeFrog application servers started up.
2017-12-01 12:05:49 INFO  [90795] TreeFrog application servers shutting down
2017-12-01 12:05:49 INFO  [90795] TreeFrog application servers shutdown completed
2017-12-01 14:15:59 INFO  [21485] TreeFrog Framework version 1.19.0
2017-12-01 14:15:59 INFO  [21485] Qt 5.9.2 / Mac OS X
2017-12-01 14:15:59 INFO  [21485] TreeFrog application servers started up.
2017-12-01 14:16:13 WARN  [21826] Reading a socket timed out after 10 seconds. Descriptor:28
2017-12-01 14:16:13 WARN  [21790] Reading a socket timed out after 10 seconds. Descriptor:17
2017-12-01 14:16:13 WARN  [21789] Reading a socket timed out after 10 seconds. Descriptor:16
2017-12-01 14:16:13 WARN  [21792] Reading a socket timed out after 10 seconds. Descriptor:25
2017-12-01 14:16:13 WARN  [21791] Reading a socket timed out after 10 seconds. Descriptor:22
2017-12-01 14:16:26 WARN  [22607] Reading a socket timed out after 10 seconds. Descriptor:28
2017-12-01 14:16:26 WARN  [22578] Reading a socket timed out after 10 seconds. Descriptor:17
2017-12-01 14:16:26 WARN  [22580] Reading a socket timed out after 10 seconds. Descriptor:25
2017-12-01 14:16:26 WARN  [22579] Reading a socket timed out after 10 seconds. Descriptor:22
2017-12-01 14:16:26 WARN  [22577] Reading a socket timed out after 10 seconds. Descriptor:14
2017-12-01 14:38:39 INFO  [21485] TreeFrog application servers shutting down
2017-12-01 14:38:39 INFO  [21485] TreeFrog application servers shutdown completed
2017-12-01 14:38:57 INFO  [31353] TreeFrog Framework version 1.19.0
2017-12-01 14:38:57 INFO  [31353] Qt 5.9.2 / Mac OS X
2017-12-01 14:38:57 INFO  [31353] TreeFrog application servers started up.
2017-12-01 14:39:15 WARN  [31775] Reading a socket timed out after 10 seconds. Descriptor:20
2017-12-01 14:39:15 WARN  [31774] Reading a socket timed out after 10 seconds. Descriptor:17
2017-12-01 14:39:15 WARN  [31776] Reading a socket timed out after 10 seconds. Descriptor:25
2017-12-01 14:39:16 WARN  [31860] Reading a socket timed out after 10 seconds. Descriptor:28
2017-12-01 14:39:25 INFO  [31353] TreeFrog application servers shutting down
2017-12-01 14:39:25 INFO  [31353] TreeFrog application servers shutdown completed
2017-12-01 14:40:14 INFO  [33674] TreeFrog Framework version 1.19.0
2017-12-01 14:40:14 INFO  [33674] Qt 5.9.2 / Mac OS X
2017-12-01 14:40:14 INFO  [33674] TreeFrog application servers started up.
2017-12-01 14:40:18 INFO  [33674] TreeFrog application servers shutting down
2017-12-01 14:40:18 INFO  [33674] TreeFrog application servers shutdown completed
2017-12-01 14:41:04 INFO  [35358] TreeFrog Framework version 1.19.0
2017-12-01 14:41:04 INFO  [35358] Qt 5.9.2 / Mac OS X
2017-12-01 14:41:04 INFO  [35358] TreeFrog application servers started up.
2017-12-01 14:41:17 WARN  [35499] Reading a socket timed out after 10 seconds. Descriptor:26
2017-12-01 14:41:17 WARN  [35498] Reading a socket timed out after 10 seconds. Descriptor:22
2017-12-01 14:41:17 WARN  [35497] Reading a socket timed out after 10 seconds. Descriptor:17
2017-12-01 14:41:17 WARN  [35496] Reading a socket timed out after 10 seconds. Descriptor:16
2017-12-01 14:41:17 WARN  [35506] Reading a socket timed out after 10 seconds. Descriptor:25
2017-12-01 14:41:29 WARN  [36062] Reading a socket timed out after 10 seconds. Descriptor:17
2017-12-01 14:41:29 WARN  [36064] Reading a socket timed out after 10 seconds. Descriptor:25
2017-12-01 14:41:29 WARN  [36061] Reading a socket timed out after 10 seconds. Descriptor:16
2017-12-01 14:41:29 WARN  [36065] Reading a socket timed out after 10 seconds. Descriptor:26
2017-12-01 14:41:29 WARN  [36063] Reading a socket timed out after 10 seconds. Descriptor:20
2017-12-01 14:42:24 WARN  [38177] Reading a socket timed out after 10 seconds. Descriptor:19
2017-12-01 14:42:24 WARN  [38176] Reading a socket timed out after 10 seconds. Descriptor:16
2017-12-01 14:42:24 WARN  [38181] Reading a socket timed out after 10 seconds. Descriptor:26
2017-12-01 14:42:24 WARN  [38179] Reading a socket timed out after 10 seconds. Descriptor:25
2017-12-01 14:42:24 WARN  [38178] Reading a socket timed out after 10 seconds. Descriptor:22
2017-12-01 14:46:11 WARN  [44714] Reading a socket timed out after 10 seconds. Descriptor:20
2017-12-01 14:46:11 WARN  [44715] Reading a socket timed out after 10 seconds. Descriptor:25
2017-12-01 14:46:11 WARN  [44716] Reading a socket timed out after 10 seconds. Descriptor:28
2017-12-01 14:46:11 WARN  [44713] Reading a socket timed out after 10 seconds. Descriptor:17
2017-12-01 14:46:11 WARN  [44712] Reading a socket timed out after 10 seconds. Descriptor:16
2017-12-01 14:50:02 INFO  [35358] TreeFrog application servers shutting down
2017-12-01 14:50:02 INFO  [35358] TreeFrog application servers shutdown completed
2017-12-01 14:50:19 INFO  [56694] TreeFrog Framework version 1.19.0
2017-12-01 14:50:19 INFO  [56694] Qt 5.9.2 / Mac OS X
2017-12-01 14:50:19 INFO  [56694] TreeFrog application servers started up.
2017-12-01 14:50:40 INFO  [56694] TreeFrog application servers shutting down
2017-12-01 14:50:42 WARN  [57366] Reading a socket timed out after 10 seconds. Descriptor:16
2017-12-01 14:50:42 WARN  [57369] Reading a socket timed out after 10 seconds. Descriptor:25
2017-12-01 14:50:42 WARN  [57368] Reading a socket timed out after 10 seconds. Descriptor:22
2017-12-01 14:50:42 WARN  [57367] Reading a socket timed out after 10 seconds. Descriptor:17
2017-12-01 14:50:42 WARN  [57370] Reading a socket timed out after 10 seconds. Descriptor:29
2017-12-01 14:50:46 INFO  [56694] TreeFrog application servers shutdown completed
